<?xml version="1.0" encoding="utf-8"?><testsuites><testsuite name="pytest" errors="0" failures="0" skipped="0" tests="28" time="1.928" timestamp="2023-12-23T23:07:11.141727" hostname="CHN-LAP-MSANTHO"><testcase classname="tests.test_apiPurchaseOrder.TestApiPo" name="test_getAllPOApi" time="0.025" /><testcase classname="tests.test_apiPurchaseOrder.TestApiPo" name="test_getParticularPOApi[data0]" time="0.010" /><testcase classname="tests.test_apiPurchaseOrder.TestApiPo" name="test_getParticularPOApi[data1]" time="0.007" /><testcase classname="tests.test_apiPurchaseOrder.TestApiPo" name="test_CreatePOApi[data0]" time="0.010" /><testcase classname="tests.test_apiPurchaseOrder.TestApiPo" name="test_CreatePOApi[data1]" time="0.121" /><testcase classname="tests.test_apiPurchaseOrder.TestApiPo" name="test_UpdatePOApi[data0]" time="0.012" /><testcase classname="tests.test_apiPurchaseOrder.TestApiPo" name="test_UpdatePOApi[data1]" time="0.011" /><testcase classname="tests.test_apiPurchaseOrder.TestApiPo" name="test_DeletePOApi[data0]" time="0.010" /><testcase classname="tests.test_apiPurchaseOrder.TestApiPo" name="test_DeletePOApi[data1]" time="0.008" /><testcase classname="tests.test_apiPurchaseOrder.TestApiPo" name="test_UpdateAcknowledgedDatePOApi[data0]" time="0.012" /><testcase classname="tests.test_apiPurchaseOrder.TestApiPo" name="test_UpdateAcknowledgedDatePOApi[data1]" time="0.558" /><testcase classname="tests.test_apiVendor.TestApiVendor" name="test_getAllVendorsApi" time="0.007" /><testcase classname="tests.test_apiVendor.TestApiVendor" name="test_getParticularVendorApi[data0]" time="0.010" /><testcase classname="tests.test_apiVendor.TestApiVendor" name="test_getParticularVendorApi[data1]" time="0.010" /><testcase classname="tests.test_apiVendor.TestApiVendor" name="test_postVendorApi[data0]" time="0.012" /><testcase classname="tests.test_apiVendor.TestApiVendor" name="test_postVendorApi[data1]" time="0.012" /><testcase classname="tests.test_apiVendor.TestApiVendor" name="test_postVendorApi[data2]" time="0.011" /><testcase classname="tests.test_apiVendor.TestApiVendor" name="test_postVendorApi[data3]" time="0.014" /><testcase classname="tests.test_apiVendor.TestApiVendor" name="test_postVendorApi[data4]" time="0.013" /><testcase classname="tests.test_apiVendor.TestApiVendor" name="test_updateVendorApi[data0]" time="0.012" /><testcase classname="tests.test_apiVendor.TestApiVendor" name="test_updateVendorApi[data1]" time="0.009" /><testcase classname="tests.test_apiVendor.TestApiVendor" name="test_updateVendorApi[data2]" time="0.010" /><testcase classname="tests.test_apiVendor.TestApiVendor" name="test_deleteVendorApi[data0]" time="0.009" /><testcase classname="tests.test_apiVendor.TestApiVendor" name="test_deleteVendorApi[data1]" time="0.008" /><testcase classname="tests.test_apiVendor.TestApiVendor" name="test_deleteVendorApi[data2]" time="0.008" /><testcase classname="tests.test_apiVendor.TestApiVendor" name="test_deleteVendorApi[data3]" time="0.009" /><testcase classname="tests.test_apiVendor.TestApiVendor" name="test_vednorPerformanceApi[data0]" time="0.009" /><testcase classname="tests.test_apiVendor.TestApiVendor" name="test_vednorPerformanceApi[data1]" time="0.203" /></testsuite></testsuites>